0 info it worked if it ends with ok
1 verbose cli [ '/usr/bin/nodejs', '/usr/bin/npm', 'run', 'dev' ]
2 info using npm@4.1.2
3 info using node@v7.7.1
4 verbose run-script [ 'predev', 'dev', 'postdev' ]
5 info lifecycle react-pure-typescript@0.1.0~predev: react-pure-typescript@0.1.0
6 silly lifecycle react-pure-typescript@0.1.0~predev: no script for predev, continuing
7 info lifecycle react-pure-typescript@0.1.0~dev: react-pure-typescript@0.1.0
8 verbose lifecycle react-pure-typescript@0.1.0~dev: unsafe-perm in lifecycle true
9 verbose lifecycle react-pure-typescript@0.1.0~dev: PATH: /usr/lib/node_modules/npm/bin/node-gyp-bin:/home/voronar/Projects/home/react-pure-typescript/node_modules/.bin:/home/voronar/bin:/home/voronar/.local/bin:/usr/local/sbin:/usr/local/bin:/usr/sbin:/usr/bin:/sbin:/bin:/usr/games:/usr/local/games:/snap/bin:/usr/lib/jvm/java-8-oracle/bin:/usr/lib/jvm/java-8-oracle/db/bin:/usr/lib/jvm/java-8-oracle/jre/bin
10 verbose lifecycle react-pure-typescript@0.1.0~dev: CWD: /home/voronar/Projects/home/react-pure-typescript
11 silly lifecycle react-pure-typescript@0.1.0~dev: Args: [ '-c', 'ts-node -P server/tsconfig.json server/index.ts' ]
12 silly lifecycle react-pure-typescript@0.1.0~dev: Returned: code: 1  signal: null
13 info lifecycle react-pure-typescript@0.1.0~dev: Failed to exec dev script
14 verbose stack Error: react-pure-typescript@0.1.0 dev: `ts-node -P server/tsconfig.json server/index.ts`
14 verbose stack Exit status 1
14 verbose stack     at EventEmitter.<anonymous> (/usr/lib/node_modules/npm/lib/utils/lifecycle.js:279:16)
14 verbose stack     at emitTwo (events.js:106:13)
14 verbose stack     at EventEmitter.emit (events.js:194:7)
14 verbose stack     at ChildProcess.<anonymous> (/usr/lib/node_modules/npm/lib/utils/spawn.js:40:14)
14 verbose stack     at emitTwo (events.js:106:13)
14 verbose stack     at ChildProcess.emit (events.js:194:7)
14 verbose stack     at maybeClose (internal/child_process.js:899:16)
14 verbose stack     at Process.ChildProcess._handle.onexit (internal/child_process.js:226:5)
15 verbose pkgid react-pure-typescript@0.1.0
16 verbose cwd /home/voronar/Projects/home/react-pure-typescript
17 error Linux 4.4.0-64-generic
18 error argv "/usr/bin/nodejs" "/usr/bin/npm" "run" "dev"
19 error node v7.7.1
20 error npm  v4.1.2
21 error code ELIFECYCLE
22 error react-pure-typescript@0.1.0 dev: `ts-node -P server/tsconfig.json server/index.ts`
22 error Exit status 1
23 error Failed at the react-pure-typescript@0.1.0 dev script 'ts-node -P server/tsconfig.json server/index.ts'.
23 error Make sure you have the latest version of node.js and npm installed.
23 error If you do, this is most likely a problem with the react-pure-typescript package,
23 error not with npm itself.
23 error Tell the author that this fails on your system:
23 error     ts-node -P server/tsconfig.json server/index.ts
23 error You can get information on how to open an issue for this project with:
23 error     npm bugs react-pure-typescript
23 error Or if that isn't available, you can get their info via:
23 error     npm owner ls react-pure-typescript
23 error There is likely additional logging output above.
24 verbose exit [ 1, true ]
